<?xml version="1.0" encoding="UTF-8"?>
<!-- Generated by org.testng.reporters.JUnitReportReporter -->
<testsuite skipped="0" hostname="BLRTRIGWN19055" name="Test.RestApiWithJava" tests="2" failures="0" timestamp="11 Aug 2020 20:34:45 GMT" time="1.403" errors="0">
  <testcase name="givenUserDoesNotExists_whenUserInfoIsRetrieved_then404IsReceived" time="0.397" classname="Test.RestApiWithJava"/>
  <testcase name="givenRequestWithNoAcceptHeader_whenRequestIsExecuted_thenDefaultResponseContentTypeIsJson" time="1.006" classname="Test.RestApiWithJava"/>
</testsuite> <!-- Test.RestApiWithJava -->
