<?xml version="1.0" encoding="UTF-8"?>
<!-- Generated by org.testng.reporters.JUnitReportReporter -->
<testsuite skipped="0" hostname="BLRTRIGWN19055" name="Test.RestApiPractice" tests="8" failures="0" timestamp="11 Aug 2020 20:35:20 GMT" time="6.653" errors="0">
  <testcase name="test_NumberOfCircuits_ShouldBe_DataDriven" time="0.376" classname="Test.RestApiPractice"/>
  <testcase name="test_ResponseHeaderData_ShouldBeCorrect" time="0.303" classname="Test.RestApiPractice"/>
  <testcase name="test_Md5CheckSumForTest_ShouldBe098f6bcd4621d373cade4e832627b4f6" time="1.325" classname="Test.RestApiPractice"/>
  <testcase name="test_NumberOfCircuitsFor2017Season_ShouldBe20" time="0.701" classname="Test.RestApiPractice"/>
  <testcase name="test_NumberOfCircuits_ShouldBe_DataDriven" time="0.337" classname="Test.RestApiPractice"/>
  <testcase name="test_NumberOfCircuits_ShouldBe_DataDriven" time="0.344" classname="Test.RestApiPractice"/>
  <testcase name="test_APIWithBasicAuthentication_ShouldBeGivenAccess" time="2.921" classname="Test.RestApiPractice"/>
  <testcase name="test_NumberOfCircuits_ShouldBe20_Parameterized" time="0.346" classname="Test.RestApiPractice"/>
</testsuite> <!-- Test.RestApiPractice -->
